{"uuid":"63959db8-24e8-42b7-aa79-becdfd2c573d","historyId":"bbca3f0f96aa38812ce940f7f22a70ef","fullName":"Import clients functionality: User uploaded the correct file format but wrong template","labels":[{"name":"tag","value":"failure"},{"name":"host","value":"Admin"},{"name":"thread","value":"3568@Admin.main(1)"},{"name":"feature","value":"Import clients functionality"},{"name":"story","value":"User uploaded the correct file format but wrong template"},{"name":"suite","value":"Import clients functionality"},{"name":"testClass","value":"User uploaded the correct file format but wrong template"},{"name":"framework","value":"cucumber4jvm"},{"name":"language","value":"java"},{"name":"gherkin_uri","value":"file:///F:/Eclipse/buihanh-doanTN-BDD/src/test/resources/Features/ImportClients.feature"},{"name":"package","value":"src.test.resources.Features.ImportClients_feature.Import clients functionality"}],"links":[],"name":"User uploaded the correct file format but wrong template","status":"broken","statusDetails":{"known":false,"muted":false,"flaky":false,"message":"element click intercepted: Element <button id=\"form-next\" type=\"button\" disabled=\"\" class=\"btn btn-info text-white\">...</button> is not clickable at point (1098, 605). Other element would receive the click: <div class=\"modal-footer\">...</div>\n  (Session info: chrome=114.0.5735.110)\nBuild info: version: '4.8.1', revision: '8ebccac989'\nSystem info: os.name: 'Windows 11', os.arch: 'amd64', os.version: '10.0', java.version: '18'\nDriver info: org.openqa.selenium.chrome.ChromeDriver\nCommand: [df090c8dadaa6236c09e4f9a627e2dd5, clickElement {id=3DE5DD0C422B157FF5495E1956A6EF28_element_35}]\nCapabilities {acceptInsecureCerts: false, browserName: chrome, browserVersion: 114.0.5735.110, chrome: {chromedriverVersion: 114.0.5735.90 (386bc09e8f4f..., userDataDir: C:\\Users\\Admin\\AppData\\Loca...}, goog:chromeOptions: {debuggerAddress: localhost:53027}, networkConnectionEnabled: false, pageLoadStrategy: normal, platformName: WINDOWS, proxy: Proxy(), se:cdp: ws://localhost:53027/devtoo..., se:cdpVersion: 114.0.5735.110, setWindowRect: true, strictFileInteractability: false, timeouts: {implicit: 0, pageLoad: 300000, script: 30000}, unhandledPromptBehavior: dismiss and notify, webauthn:extension:credBlob: true, webauthn:extension:largeBlob: true, webauthn:extension:minPinLength: true, webauthn:extension:prf: true, webauthn:virtualAuthenticators: true}\nElement: [[ChromeDriver: chrome on WINDOWS (df090c8dadaa6236c09e4f9a627e2dd5)] -> xpath: //button[@id='form-next']]\nSession ID: df090c8dadaa6236c09e4f9a627e2dd5","trace":"org.openqa.selenium.ElementClickInterceptedException: element click intercepted: Element <button id=\"form-next\" type=\"button\" disabled=\"\" class=\"btn btn-info text-white\">...</button> is not clickable at point (1098, 605). Other element would receive the click: <div class=\"modal-footer\">...</div>\n  (Session info: chrome=114.0.5735.110)\nBuild info: version: '4.8.1', revision: '8ebccac989'\nSystem info: os.name: 'Windows 11', os.arch: 'amd64', os.version: '10.0', java.version: '18'\nDriver info: org.openqa.selenium.chrome.ChromeDriver\nCommand: [df090c8dadaa6236c09e4f9a627e2dd5, clickElement {id=3DE5DD0C422B157FF5495E1956A6EF28_element_35}]\nCapabilities {acceptInsecureCerts: false, browserName: chrome, browserVersion: 114.0.5735.110, chrome: {chromedriverVersion: 114.0.5735.90 (386bc09e8f4f..., userDataDir: C:\\Users\\Admin\\AppData\\Loca...}, goog:chromeOptions: {debuggerAddress: localhost:53027}, networkConnectionEnabled: false, pageLoadStrategy: normal, platformName: WINDOWS, proxy: Proxy(), se:cdp: ws://localhost:53027/devtoo..., se:cdpVersion: 114.0.5735.110, setWindowRect: true, strictFileInteractability: false, timeouts: {implicit: 0, pageLoad: 300000, script: 30000}, unhandledPromptBehavior: dismiss and notify, webauthn:extension:credBlob: true, webauthn:extension:largeBlob: true, webauthn:extension:minPinLength: true, webauthn:extension:prf: true, webauthn:virtualAuthenticators: true}\nElement: [[ChromeDriver: chrome on WINDOWS (df090c8dadaa6236c09e4f9a627e2dd5)] -> xpath: //button[@id='form-next']]\nSession ID: df090c8dadaa6236c09e4f9a627e2dd5\r\n\tat java.base/jdk.internal.reflect.DirectConstructorHandleAccessor.newInstance(DirectConstructorHandleAccessor.java:67)\r\n\tat java.base/java.lang.reflect.Constructor.newInstanceWithCaller(Constructor.java:499)\r\n\tat java.base/java.lang.reflect.Constructor.newInstance(Constructor.java:483)\r\n\tat org.openqa.selenium.remote.codec.w3c.W3CHttpResponseCodec.createException(W3CHttpResponseCodec.java:200)\r\n\tat org.openqa.selenium.remote.codec.w3c.W3CHttpResponseCodec.decode(W3CHttpResponseCodec.java:133)\r\n\tat org.openqa.selenium.remote.codec.w3c.W3CHttpResponseCodec.decode(W3CHttpResponseCodec.java:53)\r\n\tat org.openqa.selenium.remote.HttpCommandExecutor.execute(HttpCommandExecutor.java:184)\r\n\tat org.openqa.selenium.remote.service.DriverCommandExecutor.invokeExecute(DriverCommandExecutor.java:167)\r\n\tat org.openqa.selenium.remote.service.DriverCommandExecutor.execute(DriverCommandExecutor.java:142)\r\n\tat org.openqa.selenium.remote.RemoteWebDriver.execute(RemoteWebDriver.java:543)\r\n\tat org.openqa.selenium.remote.RemoteWebElement.execute(RemoteWebElement.java:257)\r\n\tat org.openqa.selenium.remote.RemoteWebElement.click(RemoteWebElement.java:78)\r\n\tat buihanh.keywords.WebUI.clickElement(WebUI.java:1745)\r\n\tat buihanh.projects.pages.ImportclientsPage.clickOnNextButton(ImportclientsPage.java:52)\r\n\tat buihanh.projects.steps.ImportSteps.user_clicks_on_next_button(ImportSteps.java:58)\r\n\tat ✽.User clicks on Next button(file:///F:/Eclipse/buihanh-doanTN-BDD/src/test/resources/Features/ImportClients.feature:24)\r\n"},"stage":"finished","steps":[{"name":"Given  User logged in with email \"admin@demo.com\" and password \"riseDemo\"","status":"passed","statusDetails":{"known":false,"muted":false,"flaky":false},"stage":"finished","steps":[{"name":"Clear and Fill text on text box","status":"passed","stage":"finished","steps":[{"name":"Verify element visible By.id: email","status":"passed","stage":"finished","steps":[],"attachments":[],"parameters":[{"name":"by","value":"By.id: email"},{"name":"timeout","value":"1"}],"start":1686590036407,"stop":1686590036439},{"name":"Verify element visible By.id: email","status":"passed","stage":"finished","steps":[],"attachments":[],"parameters":[{"name":"by","value":"By.id: email"},{"name":"timeout","value":"1"}],"start":1686590036533,"stop":1686590036563}],"attachments":[],"parameters":[{"name":"by","value":"By.id: email"},{"name":"value","value":"admin@demo.com"}],"start":1686590036380,"stop":1686590036685},{"name":"Clear and Fill text on text box","status":"passed","stage":"finished","steps":[{"name":"Verify element visible By.id: password","status":"passed","stage":"finished","steps":[],"attachments":[],"parameters":[{"name":"by","value":"By.id: password"},{"name":"timeout","value":"1"}],"start":1686590036713,"stop":1686590036741},{"name":"Verify element visible By.id: password","status":"passed","stage":"finished","steps":[],"attachments":[],"parameters":[{"name":"by","value":"By.id: password"},{"name":"timeout","value":"1"}],"start":1686590036824,"stop":1686590036853}],"attachments":[],"parameters":[{"name":"by","value":"By.id: password"},{"name":"value","value":"riseDemo"}],"start":1686590036685,"stop":1686590036942},{"name":"Click on the element By.xpath: //button[normalize-space()='Sign in']","status":"passed","stage":"finished","steps":[{"name":"Verify element visible By.xpath: //button[normalize-space()='Sign in']","status":"passed","stage":"finished","steps":[],"attachments":[],"parameters":[{"name":"by","value":"By.xpath: //button[normalize-space()='Sign in']"},{"name":"timeout","value":"1"}],"start":1686590036969,"stop":1686590037003}],"attachments":[],"parameters":[{"name":"by","value":"By.xpath: //button[normalize-space()='Sign in']"}],"start":1686590036942,"stop":1686590040836}],"attachments":[],"parameters":[],"start":1686590036379,"stop":1686590040837},{"name":"Given  User navigates to Import clients page","status":"passed","statusDetails":{"known":false,"muted":false,"flaky":false},"stage":"finished","steps":[{"name":"Click on the element By.xpath: //span[contains(text(),'Clients')]","status":"passed","stage":"finished","steps":[{"name":"Verify element visible By.xpath: //span[contains(text(),'Clients')]","status":"passed","stage":"finished","steps":[],"attachments":[],"parameters":[{"name":"by","value":"By.xpath: //span[contains(text(),'Clients')]"},{"name":"timeout","value":"1"}],"start":1686590041883,"stop":1686590041916}],"attachments":[],"parameters":[{"name":"by","value":"By.xpath: //span[contains(text(),'Clients')]"}],"start":1686590041843,"stop":1686590043650},{"name":"Click on the element By.partialLinkText: Import clien","status":"passed","stage":"finished","steps":[{"name":"Verify element visible By.partialLinkText: Import clien","status":"passed","stage":"finished","steps":[],"attachments":[],"parameters":[{"name":"by","value":"By.partialLinkText: Import clien"},{"name":"timeout","value":"1"}],"start":1686590043715,"stop":1686590043799}],"attachments":[],"parameters":[{"name":"by","value":"By.partialLinkText: Import clien"}],"start":1686590043650,"stop":1686590044355}],"attachments":[],"parameters":[],"start":1686590040837,"stop":1686590044384},{"name":"When  User upload files \"C:\\Users\\Admin\\Downloads\\Login.xlsx\" with wrong template","status":"passed","statusDetails":{"known":false,"muted":false,"flaky":false},"stage":"finished","steps":[{"name":"Upload File With Local Form","status":"passed","stage":"finished","steps":[],"attachments":[],"parameters":[{"name":"by","value":"By.id: file-upload-dropzone"},{"name":"filePath","value":"C:\\Users\\Admin\\Downloads\\Login.xlsx"}],"start":1686590044385,"stop":1686590050223}],"attachments":[],"parameters":[],"start":1686590044385,"stop":1686590050223},{"name":"And  User clicks on Next button","status":"broken","statusDetails":{"known":false,"muted":false,"flaky":false,"message":"element click intercepted: Element <button id=\"form-next\" type=\"button\" disabled=\"\" class=\"btn btn-info text-white\">...</button> is not clickable at point (1098, 605). Other element would receive the click: <div class=\"modal-footer\">...</div>\n  (Session info: chrome=114.0.5735.110)\nBuild info: version: '4.8.1', revision: '8ebccac989'\nSystem info: os.name: 'Windows 11', os.arch: 'amd64', os.version: '10.0', java.version: '18'\nDriver info: org.openqa.selenium.chrome.ChromeDriver\nCommand: [df090c8dadaa6236c09e4f9a627e2dd5, clickElement {id=3DE5DD0C422B157FF5495E1956A6EF28_element_35}]\nCapabilities {acceptInsecureCerts: false, browserName: chrome, browserVersion: 114.0.5735.110, chrome: {chromedriverVersion: 114.0.5735.90 (386bc09e8f4f..., userDataDir: C:\\Users\\Admin\\AppData\\Loca...}, goog:chromeOptions: {debuggerAddress: localhost:53027}, networkConnectionEnabled: false, pageLoadStrategy: normal, platformName: WINDOWS, proxy: Proxy(), se:cdp: ws://localhost:53027/devtoo..., se:cdpVersion: 114.0.5735.110, setWindowRect: true, strictFileInteractability: false, timeouts: {implicit: 0, pageLoad: 300000, script: 30000}, unhandledPromptBehavior: dismiss and notify, webauthn:extension:credBlob: true, webauthn:extension:largeBlob: true, webauthn:extension:minPinLength: true, webauthn:extension:prf: true, webauthn:virtualAuthenticators: true}\nElement: [[ChromeDriver: chrome on WINDOWS (df090c8dadaa6236c09e4f9a627e2dd5)] -> xpath: //button[@id='form-next']]\nSession ID: df090c8dadaa6236c09e4f9a627e2dd5","trace":"org.openqa.selenium.ElementClickInterceptedException: element click intercepted: Element <button id=\"form-next\" type=\"button\" disabled=\"\" class=\"btn btn-info text-white\">...</button> is not clickable at point (1098, 605). Other element would receive the click: <div class=\"modal-footer\">...</div>\n  (Session info: chrome=114.0.5735.110)\nBuild info: version: '4.8.1', revision: '8ebccac989'\nSystem info: os.name: 'Windows 11', os.arch: 'amd64', os.version: '10.0', java.version: '18'\nDriver info: org.openqa.selenium.chrome.ChromeDriver\nCommand: [df090c8dadaa6236c09e4f9a627e2dd5, clickElement {id=3DE5DD0C422B157FF5495E1956A6EF28_element_35}]\nCapabilities {acceptInsecureCerts: false, browserName: chrome, browserVersion: 114.0.5735.110, chrome: {chromedriverVersion: 114.0.5735.90 (386bc09e8f4f..., userDataDir: C:\\Users\\Admin\\AppData\\Loca...}, goog:chromeOptions: {debuggerAddress: localhost:53027}, networkConnectionEnabled: false, pageLoadStrategy: normal, platformName: WINDOWS, proxy: Proxy(), se:cdp: ws://localhost:53027/devtoo..., se:cdpVersion: 114.0.5735.110, setWindowRect: true, strictFileInteractability: false, timeouts: {implicit: 0, pageLoad: 300000, script: 30000}, unhandledPromptBehavior: dismiss and notify, webauthn:extension:credBlob: true, webauthn:extension:largeBlob: true, webauthn:extension:minPinLength: true, webauthn:extension:prf: true, webauthn:virtualAuthenticators: true}\nElement: [[ChromeDriver: chrome on WINDOWS (df090c8dadaa6236c09e4f9a627e2dd5)] -> xpath: //button[@id='form-next']]\nSession ID: df090c8dadaa6236c09e4f9a627e2dd5\r\n\tat java.base/jdk.internal.reflect.DirectConstructorHandleAccessor.newInstance(DirectConstructorHandleAccessor.java:67)\r\n\tat java.base/java.lang.reflect.Constructor.newInstanceWithCaller(Constructor.java:499)\r\n\tat java.base/java.lang.reflect.Constructor.newInstance(Constructor.java:483)\r\n\tat org.openqa.selenium.remote.codec.w3c.W3CHttpResponseCodec.createException(W3CHttpResponseCodec.java:200)\r\n\tat org.openqa.selenium.remote.codec.w3c.W3CHttpResponseCodec.decode(W3CHttpResponseCodec.java:133)\r\n\tat org.openqa.selenium.remote.codec.w3c.W3CHttpResponseCodec.decode(W3CHttpResponseCodec.java:53)\r\n\tat org.openqa.selenium.remote.HttpCommandExecutor.execute(HttpCommandExecutor.java:184)\r\n\tat org.openqa.selenium.remote.service.DriverCommandExecutor.invokeExecute(DriverCommandExecutor.java:167)\r\n\tat org.openqa.selenium.remote.service.DriverCommandExecutor.execute(DriverCommandExecutor.java:142)\r\n\tat org.openqa.selenium.remote.RemoteWebDriver.execute(RemoteWebDriver.java:543)\r\n\tat org.openqa.selenium.remote.RemoteWebElement.execute(RemoteWebElement.java:257)\r\n\tat org.openqa.selenium.remote.RemoteWebElement.click(RemoteWebElement.java:78)\r\n\tat buihanh.keywords.WebUI.clickElement(WebUI.java:1745)\r\n\tat buihanh.projects.pages.ImportclientsPage.clickOnNextButton(ImportclientsPage.java:52)\r\n\tat buihanh.projects.steps.ImportSteps.user_clicks_on_next_button(ImportSteps.java:58)\r\n\tat ✽.User clicks on Next button(file:///F:/Eclipse/buihanh-doanTN-BDD/src/test/resources/Features/ImportClients.feature:24)\r\n"},"stage":"finished","steps":[{"name":"Click on the element By.xpath: //button[@id='form-next']","status":"broken","statusDetails":{"known":false,"muted":false,"flaky":false,"message":"element click intercepted: Element <button id=\"form-next\" type=\"button\" disabled=\"\" class=\"btn btn-info text-white\">...</button> is not clickable at point (1098, 605). Other element would receive the click: <div class=\"modal-footer\">...</div>\n  (Session info: chrome=114.0.5735.110)\nBuild info: version: '4.8.1', revision: '8ebccac989'\nSystem info: os.name: 'Windows 11', os.arch: 'amd64', os.version: '10.0', java.version: '18'\nDriver info: org.openqa.selenium.chrome.ChromeDriver\nCommand: [df090c8dadaa6236c09e4f9a627e2dd5, clickElement {id=3DE5DD0C422B157FF5495E1956A6EF28_element_35}]\nCapabilities {acceptInsecureCerts: false, browserName: chrome, browserVersion: 114.0.5735.110, chrome: {chromedriverVersion: 114.0.5735.90 (386bc09e8f4f..., userDataDir: C:\\Users\\Admin\\AppData\\Loca...}, goog:chromeOptions: {debuggerAddress: localhost:53027}, networkConnectionEnabled: false, pageLoadStrategy: normal, platformName: WINDOWS, proxy: Proxy(), se:cdp: ws://localhost:53027/devtoo..., se:cdpVersion: 114.0.5735.110, setWindowRect: true, strictFileInteractability: false, timeouts: {implicit: 0, pageLoad: 300000, script: 30000}, unhandledPromptBehavior: dismiss and notify, webauthn:extension:credBlob: true, webauthn:extension:largeBlob: true, webauthn:extension:minPinLength: true, webauthn:extension:prf: true, webauthn:virtualAuthenticators: true}\nElement: [[ChromeDriver: chrome on WINDOWS (df090c8dadaa6236c09e4f9a627e2dd5)] -> xpath: //button[@id='form-next']]\nSession ID: df090c8dadaa6236c09e4f9a627e2dd5","trace":"org.openqa.selenium.ElementClickInterceptedException: element click intercepted: Element <button id=\"form-next\" type=\"button\" disabled=\"\" class=\"btn btn-info text-white\">...</button> is not clickable at point (1098, 605). Other element would receive the click: <div class=\"modal-footer\">...</div>\n  (Session info: chrome=114.0.5735.110)\nBuild info: version: '4.8.1', revision: '8ebccac989'\nSystem info: os.name: 'Windows 11', os.arch: 'amd64', os.version: '10.0', java.version: '18'\nDriver info: org.openqa.selenium.chrome.ChromeDriver\nCommand: [df090c8dadaa6236c09e4f9a627e2dd5, clickElement {id=3DE5DD0C422B157FF5495E1956A6EF28_element_35}]\nCapabilities {acceptInsecureCerts: false, browserName: chrome, browserVersion: 114.0.5735.110, chrome: {chromedriverVersion: 114.0.5735.90 (386bc09e8f4f..., userDataDir: C:\\Users\\Admin\\AppData\\Loca...}, goog:chromeOptions: {debuggerAddress: localhost:53027}, networkConnectionEnabled: false, pageLoadStrategy: normal, platformName: WINDOWS, proxy: Proxy(), se:cdp: ws://localhost:53027/devtoo..., se:cdpVersion: 114.0.5735.110, setWindowRect: true, strictFileInteractability: false, timeouts: {implicit: 0, pageLoad: 300000, script: 30000}, unhandledPromptBehavior: dismiss and notify, webauthn:extension:credBlob: true, webauthn:extension:largeBlob: true, webauthn:extension:minPinLength: true, webauthn:extension:prf: true, webauthn:virtualAuthenticators: true}\nElement: [[ChromeDriver: chrome on WINDOWS (df090c8dadaa6236c09e4f9a627e2dd5)] -> xpath: //button[@id='form-next']]\nSession ID: df090c8dadaa6236c09e4f9a627e2dd5\r\n\tat java.base/jdk.internal.reflect.DirectConstructorHandleAccessor.newInstance(DirectConstructorHandleAccessor.java:67)\r\n\tat java.base/java.lang.reflect.Constructor.newInstanceWithCaller(Constructor.java:499)\r\n\tat java.base/java.lang.reflect.Constructor.newInstance(Constructor.java:483)\r\n\tat org.openqa.selenium.remote.codec.w3c.W3CHttpResponseCodec.createException(W3CHttpResponseCodec.java:200)\r\n\tat org.openqa.selenium.remote.codec.w3c.W3CHttpResponseCodec.decode(W3CHttpResponseCodec.java:133)\r\n\tat org.openqa.selenium.remote.codec.w3c.W3CHttpResponseCodec.decode(W3CHttpResponseCodec.java:53)\r\n\tat org.openqa.selenium.remote.HttpCommandExecutor.execute(HttpCommandExecutor.java:184)\r\n\tat org.openqa.selenium.remote.service.DriverCommandExecutor.invokeExecute(DriverCommandExecutor.java:167)\r\n\tat org.openqa.selenium.remote.service.DriverCommandExecutor.execute(DriverCommandExecutor.java:142)\r\n\tat org.openqa.selenium.remote.RemoteWebDriver.execute(RemoteWebDriver.java:543)\r\n\tat org.openqa.selenium.remote.RemoteWebElement.execute(RemoteWebElement.java:257)\r\n\tat org.openqa.selenium.remote.RemoteWebElement.click(RemoteWebElement.java:78)\r\n\tat buihanh.keywords.WebUI.clickElement(WebUI.java:1745)\r\n\tat buihanh.projects.pages.ImportclientsPage.clickOnNextButton(ImportclientsPage.java:52)\r\n\tat buihanh.projects.steps.ImportSteps.user_clicks_on_next_button(ImportSteps.java:58)\r\n\tat java.base/jdk.internal.reflect.DirectMethodHandleAccessor.invoke(DirectMethodHandleAccessor.java:104)\r\n\tat java.base/java.lang.reflect.Method.invoke(Method.java:577)\r\n\tat io.cucumber.java.Invoker.doInvoke(Invoker.java:66)\r\n\tat io.cucumber.java.Invoker.invoke(Invoker.java:24)\r\n\tat io.cucumber.java.AbstractGlueDefinition.invokeMethod(AbstractGlueDefinition.java:47)\r\n\tat io.cucumber.java.JavaStepDefinition.execute(JavaStepDefinition.java:29)\r\n\tat io.cucumber.core.runner.CoreStepDefinition.execute(CoreStepDefinition.java:66)\r\n\tat io.cucumber.core.runner.PickleStepDefinitionMatch.runStep(PickleStepDefinitionMatch.java:63)\r\n\tat io.cucumber.core.runner.ExecutionMode$1.execute(ExecutionMode.java:10)\r\n\tat io.cucumber.core.runner.TestStep.executeStep(TestStep.java:86)\r\n\tat io.cucumber.core.runner.TestStep.run(TestStep.java:57)\r\n\tat io.cucumber.core.runner.PickleStepTestStep.run(PickleStepTestStep.java:51)\r\n\tat io.cucumber.core.runner.TestCase.run(TestCase.java:95)\r\n\tat io.cucumber.core.runner.Runner.runPickle(Runner.java:75)\r\n\tat io.cucumber.junit.PickleRunners$NoStepDescriptions.lambda$run$0(PickleRunners.java:151)\r\n\tat io.cucumber.core.runtime.CucumberExecutionContext.lambda$runTestCase$3(CucumberExecutionContext.java:151)\r\n\tat io.cucumber.core.runtime.RethrowingThrowableCollector.executeAndThrow(RethrowingThrowableCollector.java:23)\r\n\tat io.cucumber.core.runtime.CucumberExecutionContext.runTestCase(CucumberExecutionContext.java:151)\r\n\tat io.cucumber.junit.PickleRunners$NoStepDescriptions.run(PickleRunners.java:148)\r\n\tat io.cucumber.junit.FeatureRunner.runChild(FeatureRunner.java:144)\r\n\tat io.cucumber.junit.FeatureRunner.runChild(FeatureRunner.java:28)\r\n\tat org.junit.runners.ParentRunner$4.run(ParentRunner.java:331)\r\n\tat org.junit.runners.ParentRunner$1.schedule(ParentRunner.java:79)\r\n\tat org.junit.runners.ParentRunner.runChildren(ParentRunner.java:329)\r\n\tat org.junit.runners.ParentRunner.access$100(ParentRunner.java:66)\r\n\tat org.junit.runners.ParentRunner$2.evaluate(ParentRunner.java:293)\r\n\tat org.junit.runners.ParentRunner$3.evaluate(ParentRunner.java:306)\r\n\tat org.junit.runners.ParentRunner.run(ParentRunner.java:413)\r\n\tat io.cucumber.junit.FeatureRunner.run(FeatureRunner.java:137)\r\n\tat io.cucumber.junit.Cucumber.runChild(Cucumber.java:196)\r\n\tat io.cucumber.junit.Cucumber.runChild(Cucumber.java:89)\r\n\tat org.junit.runners.ParentRunner$4.run(ParentRunner.java:331)\r\n\tat org.junit.runners.ParentRunner$1.schedule(ParentRunner.java:79)\r\n\tat org.junit.runners.ParentRunner.runChildren(ParentRunner.java:329)\r\n\tat org.junit.runners.ParentRunner.access$100(ParentRunner.java:66)\r\n\tat org.junit.runners.ParentRunner$2.evaluate(ParentRunner.java:293)\r\n\tat io.cucumber.junit.Cucumber$RunBeforeAllHooks.evaluate(Cucumber.java:266)\r\n\tat io.cucumber.junit.Cucumber$RunAfterAllHooks.evaluate(Cucumber.java:281)\r\n\tat io.cucumber.junit.Cucumber$StartTestRun.evaluate(Cucumber.java:233)\r\n\tat io.cucumber.junit.Cucumber$FinishTestRun.evaluate(Cucumber.java:248)\r\n\tat org.junit.runners.ParentRunner$3.evaluate(ParentRunner.java:306)\r\n\tat org.junit.runners.ParentRunner.run(ParentRunner.java:413)\r\n\tat org.junit.runner.JUnitCore.run(JUnitCore.java:137)\r\n\tat org.junit.runner.JUnitCore.run(JUnitCore.java:115)\r\n\tat org.junit.vintage.engine.execution.RunnerExecutor.execute(RunnerExecutor.java:42)\r\n\tat org.junit.vintage.engine.VintageTestEngine.executeAllChildren(VintageTestEngine.java:80)\r\n\tat org.junit.vintage.engine.VintageTestEngine.execute(VintageTestEngine.java:72)\r\n\tat org.junit.platform.launcher.core.EngineExecutionOrchestrator.execute(EngineExecutionOrchestrator.java:107)\r\n\tat org.junit.platform.launcher.core.EngineExecutionOrchestrator.execute(EngineExecutionOrchestrator.java:88)\r\n\tat org.junit.platform.launcher.core.EngineExecutionOrchestrator.lambda$execute$0(EngineExecutionOrchestrator.java:54)\r\n\tat org.junit.platform.launcher.core.EngineExecutionOrchestrator.withInterceptedStreams(EngineExecutionOrchestrator.java:67)\r\n\tat org.junit.platform.launcher.core.EngineExecutionOrchestrator.execute(EngineExecutionOrchestrator.java:52)\r\n\tat org.junit.platform.launcher.core.DefaultLauncher.execute(DefaultLauncher.java:114)\r\n\tat org.junit.platform.launcher.core.DefaultLauncher.execute(DefaultLauncher.java:86)\r\n\tat org.junit.platform.launcher.core.DefaultLauncherSession$DelegatingLauncher.execute(DefaultLauncherSession.java:86)\r\n\tat org.junit.platform.launcher.core.SessionPerRequestLauncher.execute(SessionPerRequestLauncher.java:53)\r\n\tat org.apache.maven.surefire.junitplatform.JUnitPlatformProvider.execute(JUnitPlatformProvider.java:188)\r\n\tat org.apache.maven.surefire.junitplatform.JUnitPlatformProvider.invokeAllTests(JUnitPlatformProvider.java:154)\r\n\tat org.apache.maven.surefire.junitplatform.JUnitPlatformProvider.invoke(JUnitPlatformProvider.java:128)\r\n\tat org.apache.maven.surefire.booter.ForkedBooter.runSuitesInProcess(ForkedBooter.java:428)\r\n\tat org.apache.maven.surefire.booter.ForkedBooter.execute(ForkedBooter.java:162)\r\n\tat org.apache.maven.surefire.booter.ForkedBooter.run(ForkedBooter.java:562)\r\n\tat org.apache.maven.surefire.booter.ForkedBooter.main(ForkedBooter.java:548)\r\n"},"stage":"finished","steps":[{"name":"Verify element visible By.xpath: //button[@id='form-next']","status":"passed","stage":"finished","steps":[],"attachments":[],"parameters":[{"name":"by","value":"By.xpath: //button[@id='form-next']"},{"name":"timeout","value":"1"}],"start":1686590050262,"stop":1686590050328}],"attachments":[],"parameters":[{"name":"by","value":"By.xpath: //button[@id='form-next']"}],"start":1686590050225,"stop":1686590051443}],"attachments":[],"parameters":[],"start":1686590050224,"stop":1686590051445},{"name":"Then  User receives an error message \"There has an invalid header. The indicated field should be Company name.\" is displays","status":"skipped","statusDetails":{"known":false,"muted":false,"flaky":false},"stage":"finished","steps":[],"attachments":[],"parameters":[],"start":1686590051446,"stop":1686590051447}],"attachments":[],"parameters":[{"name":"file_upload","value":"C:\\Users\\Admin\\Downloads\\Login.xlsx"},{"name":"message","value":"There has an invalid header. The indicated field should be Company name."}],"start":1686590029553,"stop":1686590052150}