{"uuid":"0c2e267a-eac8-4457-8c40-2ae30600f27f","historyId":"bbca3f0f96aa38812ce940f7f22a70ef","fullName":"Import clients functionality: User uploaded the correct file format but wrong template","labels":[{"name":"tag","value":"failure"},{"name":"host","value":"Admin"},{"name":"thread","value":"16828@Admin.main(1)"},{"name":"feature","value":"Import clients functionality"},{"name":"story","value":"User uploaded the correct file format but wrong template"},{"name":"suite","value":"Import clients functionality"},{"name":"testClass","value":"User uploaded the correct file format but wrong template"},{"name":"framework","value":"cucumber4jvm"},{"name":"language","value":"java"},{"name":"gherkin_uri","value":"file:///F:/Eclipse/buihanh-doanTN-BDD/src/test/resources/Features/ImportClients.feature"},{"name":"package","value":"src.test.resources.Features.ImportClients_feature.Import clients functionality"}],"links":[],"name":"User uploaded the correct file format but wrong template","status":"broken","statusDetails":{"known":false,"muted":false,"flaky":false,"message":"element click intercepted: Element <button id=\"form-next\" type=\"button\" disabled=\"true\" class=\"btn btn-info text-white\">...</button> is not clickable at point (1098, 605). Other element would receive the click: <div class=\"modal-footer\">...</div>\n  (Session info: chrome=114.0.5735.110)\nBuild info: version: '4.8.1', revision: '8ebccac989'\nSystem info: os.name: 'Windows 11', os.arch: 'amd64', os.version: '10.0', java.version: '18'\nDriver info: org.openqa.selenium.chrome.ChromeDriver\nCommand: [aa9341502932d0e5d7d10dd46e4b4efe, clickElement {id=01CD3882FC1C9A21B8A295D490D0E216_element_74}]\nCapabilities {acceptInsecureCerts: false, browserName: chrome, browserVersion: 114.0.5735.110, chrome: {chromedriverVersion: 114.0.5735.90 (386bc09e8f4f..., userDataDir: C:\\Users\\Admin\\AppData\\Loca...}, goog:chromeOptions: {debuggerAddress: localhost:54862}, networkConnectionEnabled: false, pageLoadStrategy: normal, platformName: WINDOWS, proxy: Proxy(), se:cdp: ws://localhost:54862/devtoo..., se:cdpVersion: 114.0.5735.110, setWindowRect: true, strictFileInteractability: false, timeouts: {implicit: 0, pageLoad: 300000, script: 30000}, unhandledPromptBehavior: dismiss and notify, webauthn:extension:credBlob: true, webauthn:extension:largeBlob: true, webauthn:extension:minPinLength: true, webauthn:extension:prf: true, webauthn:virtualAuthenticators: true}\nElement: [[ChromeDriver: chrome on WINDOWS (aa9341502932d0e5d7d10dd46e4b4efe)] -> xpath: //button[@id='form-next']]\nSession ID: aa9341502932d0e5d7d10dd46e4b4efe","trace":"org.openqa.selenium.ElementClickInterceptedException: element click intercepted: Element <button id=\"form-next\" type=\"button\" disabled=\"true\" class=\"btn btn-info text-white\">...</button> is not clickable at point (1098, 605). Other element would receive the click: <div class=\"modal-footer\">...</div>\n  (Session info: chrome=114.0.5735.110)\nBuild info: version: '4.8.1', revision: '8ebccac989'\nSystem info: os.name: 'Windows 11', os.arch: 'amd64', os.version: '10.0', java.version: '18'\nDriver info: org.openqa.selenium.chrome.ChromeDriver\nCommand: [aa9341502932d0e5d7d10dd46e4b4efe, clickElement {id=01CD3882FC1C9A21B8A295D490D0E216_element_74}]\nCapabilities {acceptInsecureCerts: false, browserName: chrome, browserVersion: 114.0.5735.110, chrome: {chromedriverVersion: 114.0.5735.90 (386bc09e8f4f..., userDataDir: C:\\Users\\Admin\\AppData\\Loca...}, goog:chromeOptions: {debuggerAddress: localhost:54862}, networkConnectionEnabled: false, pageLoadStrategy: normal, platformName: WINDOWS, proxy: Proxy(), se:cdp: ws://localhost:54862/devtoo..., se:cdpVersion: 114.0.5735.110, setWindowRect: true, strictFileInteractability: false, timeouts: {implicit: 0, pageLoad: 300000, script: 30000}, unhandledPromptBehavior: dismiss and notify, webauthn:extension:credBlob: true, webauthn:extension:largeBlob: true, webauthn:extension:minPinLength: true, webauthn:extension:prf: true, webauthn:virtualAuthenticators: true}\nElement: [[ChromeDriver: chrome on WINDOWS (aa9341502932d0e5d7d10dd46e4b4efe)] -> xpath: //button[@id='form-next']]\nSession ID: aa9341502932d0e5d7d10dd46e4b4efe\r\n\tat java.base/jdk.internal.reflect.DirectConstructorHandleAccessor.newInstance(DirectConstructorHandleAccessor.java:67)\r\n\tat java.base/java.lang.reflect.Constructor.newInstanceWithCaller(Constructor.java:499)\r\n\tat java.base/java.lang.reflect.Constructor.newInstance(Constructor.java:483)\r\n\tat org.openqa.selenium.remote.codec.w3c.W3CHttpResponseCodec.createException(W3CHttpResponseCodec.java:200)\r\n\tat org.openqa.selenium.remote.codec.w3c.W3CHttpResponseCodec.decode(W3CHttpResponseCodec.java:133)\r\n\tat org.openqa.selenium.remote.codec.w3c.W3CHttpResponseCodec.decode(W3CHttpResponseCodec.java:53)\r\n\tat org.openqa.selenium.remote.HttpCommandExecutor.execute(HttpCommandExecutor.java:184)\r\n\tat org.openqa.selenium.remote.service.DriverCommandExecutor.invokeExecute(DriverCommandExecutor.java:167)\r\n\tat org.openqa.selenium.remote.service.DriverCommandExecutor.execute(DriverCommandExecutor.java:142)\r\n\tat org.openqa.selenium.remote.RemoteWebDriver.execute(RemoteWebDriver.java:543)\r\n\tat org.openqa.selenium.remote.RemoteWebElement.execute(RemoteWebElement.java:257)\r\n\tat org.openqa.selenium.remote.RemoteWebElement.click(RemoteWebElement.java:78)\r\n\tat buihanh.keywords.WebUI.clickElement(WebUI.java:1745)\r\n\tat buihanh.projects.pages.ImportclientsPage.clickOnNextButton(ImportclientsPage.java:52)\r\n\tat buihanh.projects.steps.ImportSteps.user_clicks_on_next_button(ImportSteps.java:58)\r\n\tat ✽.User clicks on Next button(file:///F:/Eclipse/buihanh-doanTN-BDD/src/test/resources/Features/ImportClients.feature:24)\r\n"},"stage":"finished","steps":[{"name":"Given  User logged in with email \"admin@demo.com\" and password \"riseDemo\"","status":"passed","statusDetails":{"known":false,"muted":false,"flaky":false},"stage":"finished","steps":[],"attachments":[],"parameters":[],"start":1686676088557,"stop":1686676094143},{"name":"Given  User navigates to Import clients page","status":"passed","statusDetails":{"known":false,"muted":false,"flaky":false},"stage":"finished","steps":[],"attachments":[],"parameters":[],"start":1686676094143,"stop":1686676097444},{"name":"When  User upload files \"C:\\Users\\Admin\\Downloads\\Login.xlsx\" with wrong template","status":"passed","statusDetails":{"known":false,"muted":false,"flaky":false},"stage":"finished","steps":[],"attachments":[],"parameters":[],"start":1686676097445,"stop":1686676103217},{"name":"And  User clicks on Next button","status":"broken","statusDetails":{"known":false,"muted":false,"flaky":false,"message":"element click intercepted: Element <button id=\"form-next\" type=\"button\" disabled=\"true\" class=\"btn btn-info text-white\">...</button> is not clickable at point (1098, 605). Other element would receive the click: <div class=\"modal-footer\">...</div>\n  (Session info: chrome=114.0.5735.110)\nBuild info: version: '4.8.1', revision: '8ebccac989'\nSystem info: os.name: 'Windows 11', os.arch: 'amd64', os.version: '10.0', java.version: '18'\nDriver info: org.openqa.selenium.chrome.ChromeDriver\nCommand: [aa9341502932d0e5d7d10dd46e4b4efe, clickElement {id=01CD3882FC1C9A21B8A295D490D0E216_element_74}]\nCapabilities {acceptInsecureCerts: false, browserName: chrome, browserVersion: 114.0.5735.110, chrome: {chromedriverVersion: 114.0.5735.90 (386bc09e8f4f..., userDataDir: C:\\Users\\Admin\\AppData\\Loca...}, goog:chromeOptions: {debuggerAddress: localhost:54862}, networkConnectionEnabled: false, pageLoadStrategy: normal, platformName: WINDOWS, proxy: Proxy(), se:cdp: ws://localhost:54862/devtoo..., se:cdpVersion: 114.0.5735.110, setWindowRect: true, strictFileInteractability: false, timeouts: {implicit: 0, pageLoad: 300000, script: 30000}, unhandledPromptBehavior: dismiss and notify, webauthn:extension:credBlob: true, webauthn:extension:largeBlob: true, webauthn:extension:minPinLength: true, webauthn:extension:prf: true, webauthn:virtualAuthenticators: true}\nElement: [[ChromeDriver: chrome on WINDOWS (aa9341502932d0e5d7d10dd46e4b4efe)] -> xpath: //button[@id='form-next']]\nSession ID: aa9341502932d0e5d7d10dd46e4b4efe","trace":"org.openqa.selenium.ElementClickInterceptedException: element click intercepted: Element <button id=\"form-next\" type=\"button\" disabled=\"true\" class=\"btn btn-info text-white\">...</button> is not clickable at point (1098, 605). Other element would receive the click: <div class=\"modal-footer\">...</div>\n  (Session info: chrome=114.0.5735.110)\nBuild info: version: '4.8.1', revision: '8ebccac989'\nSystem info: os.name: 'Windows 11', os.arch: 'amd64', os.version: '10.0', java.version: '18'\nDriver info: org.openqa.selenium.chrome.ChromeDriver\nCommand: [aa9341502932d0e5d7d10dd46e4b4efe, clickElement {id=01CD3882FC1C9A21B8A295D490D0E216_element_74}]\nCapabilities {acceptInsecureCerts: false, browserName: chrome, browserVersion: 114.0.5735.110, chrome: {chromedriverVersion: 114.0.5735.90 (386bc09e8f4f..., userDataDir: C:\\Users\\Admin\\AppData\\Loca...}, goog:chromeOptions: {debuggerAddress: localhost:54862}, networkConnectionEnabled: false, pageLoadStrategy: normal, platformName: WINDOWS, proxy: Proxy(), se:cdp: ws://localhost:54862/devtoo..., se:cdpVersion: 114.0.5735.110, setWindowRect: true, strictFileInteractability: false, timeouts: {implicit: 0, pageLoad: 300000, script: 30000}, unhandledPromptBehavior: dismiss and notify, webauthn:extension:credBlob: true, webauthn:extension:largeBlob: true, webauthn:extension:minPinLength: true, webauthn:extension:prf: true, webauthn:virtualAuthenticators: true}\nElement: [[ChromeDriver: chrome on WINDOWS (aa9341502932d0e5d7d10dd46e4b4efe)] -> xpath: //button[@id='form-next']]\nSession ID: aa9341502932d0e5d7d10dd46e4b4efe\r\n\tat java.base/jdk.internal.reflect.DirectConstructorHandleAccessor.newInstance(DirectConstructorHandleAccessor.java:67)\r\n\tat java.base/java.lang.reflect.Constructor.newInstanceWithCaller(Constructor.java:499)\r\n\tat java.base/java.lang.reflect.Constructor.newInstance(Constructor.java:483)\r\n\tat org.openqa.selenium.remote.codec.w3c.W3CHttpResponseCodec.createException(W3CHttpResponseCodec.java:200)\r\n\tat org.openqa.selenium.remote.codec.w3c.W3CHttpResponseCodec.decode(W3CHttpResponseCodec.java:133)\r\n\tat org.openqa.selenium.remote.codec.w3c.W3CHttpResponseCodec.decode(W3CHttpResponseCodec.java:53)\r\n\tat org.openqa.selenium.remote.HttpCommandExecutor.execute(HttpCommandExecutor.java:184)\r\n\tat org.openqa.selenium.remote.service.DriverCommandExecutor.invokeExecute(DriverCommandExecutor.java:167)\r\n\tat org.openqa.selenium.remote.service.DriverCommandExecutor.execute(DriverCommandExecutor.java:142)\r\n\tat org.openqa.selenium.remote.RemoteWebDriver.execute(RemoteWebDriver.java:543)\r\n\tat org.openqa.selenium.remote.RemoteWebElement.execute(RemoteWebElement.java:257)\r\n\tat org.openqa.selenium.remote.RemoteWebElement.click(RemoteWebElement.java:78)\r\n\tat buihanh.keywords.WebUI.clickElement(WebUI.java:1745)\r\n\tat buihanh.projects.pages.ImportclientsPage.clickOnNextButton(ImportclientsPage.java:52)\r\n\tat buihanh.projects.steps.ImportSteps.user_clicks_on_next_button(ImportSteps.java:58)\r\n\tat ✽.User clicks on Next button(file:///F:/Eclipse/buihanh-doanTN-BDD/src/test/resources/Features/ImportClients.feature:24)\r\n"},"stage":"finished","steps":[],"attachments":[],"parameters":[],"start":1686676103217,"stop":1686676104425},{"name":"Then  User receives an error message \"There has an invalid header. The indicated field should be Company name.\" is displays","status":"skipped","statusDetails":{"known":false,"muted":false,"flaky":false},"stage":"finished","steps":[],"attachments":[],"parameters":[],"start":1686676104427,"stop":1686676104429}],"attachments":[],"parameters":[{"name":"file_upload","value":"C:\\Users\\Admin\\Downloads\\Login.xlsx"},{"name":"message","value":"There has an invalid header. The indicated field should be Company name."}],"start":1686676077115,"stop":1686676105351}