{"uuid":"1720cef5-31a7-4e23-8dcf-252d04fd2133","historyId":"9cadc99c3914fb72396d2b390c9412bb","fullName":"Import clients functionality: User uploaded the correct file format but wrong template","labels":[{"name":"tag","value":"failure"},{"name":"host","value":"Admin"},{"name":"thread","value":"4016@Admin.main(1)"},{"name":"feature","value":"Import clients functionality"},{"name":"story","value":"User uploaded the correct file format but wrong template"},{"name":"suite","value":"Import clients functionality"},{"name":"testClass","value":"User uploaded the correct file format but wrong template"},{"name":"framework","value":"cucumber4jvm"},{"name":"language","value":"java"},{"name":"gherkin_uri","value":"file:///F:/Eclipse/buihanh-doanTN-BDD/src/test/resources/Features/ImportClients.feature"},{"name":"package","value":"src.test.resources.Features.ImportClients_feature.Import clients functionality"}],"links":[],"name":"User uploaded the correct file format but wrong template","status":"broken","statusDetails":{"known":false,"muted":false,"flaky":false,"message":"element click intercepted: Element <button id=\"form-next\" type=\"button\" disabled=\"\" class=\"btn btn-info text-white\">...</button> is not clickable at point (1098, 605). Other element would receive the click: <div class=\"modal-footer\">...</div>\n  (Session info: chrome=114.0.5735.110)\nBuild info: version: '4.8.1', revision: '8ebccac989'\nSystem info: os.name: 'Windows 11', os.arch: 'amd64', os.version: '10.0', java.version: '18'\nDriver info: org.openqa.selenium.chrome.ChromeDriver\nCommand: [1c692da9f798967401e4926840f55415, clickElement {id=488B66D56CB52298CEAE5FF6EB0C9706_element_60}]\nCapabilities {acceptInsecureCerts: false, browserName: chrome, browserVersion: 114.0.5735.110, chrome: {chromedriverVersion: 114.0.5735.90 (386bc09e8f4f..., userDataDir: C:\\Users\\Admin\\AppData\\Loca...}, goog:chromeOptions: {debuggerAddress: localhost:60345}, networkConnectionEnabled: false, pageLoadStrategy: normal, platformName: WINDOWS, proxy: Proxy(), se:cdp: ws://localhost:60345/devtoo..., se:cdpVersion: 114.0.5735.110, setWindowRect: true, strictFileInteractability: false, timeouts: {implicit: 0, pageLoad: 300000, script: 30000}, unhandledPromptBehavior: dismiss and notify, webauthn:extension:credBlob: true, webauthn:extension:largeBlob: true, webauthn:extension:minPinLength: true, webauthn:extension:prf: true, webauthn:virtualAuthenticators: true}\nElement: [[ChromeDriver: chrome on WINDOWS (1c692da9f798967401e4926840f55415)] -> xpath: //button[@id='form-next']]\nSession ID: 1c692da9f798967401e4926840f55415","trace":"org.openqa.selenium.ElementClickInterceptedException: element click intercepted: Element <button id=\"form-next\" type=\"button\" disabled=\"\" class=\"btn btn-info text-white\">...</button> is not clickable at point (1098, 605). Other element would receive the click: <div class=\"modal-footer\">...</div>\n  (Session info: chrome=114.0.5735.110)\nBuild info: version: '4.8.1', revision: '8ebccac989'\nSystem info: os.name: 'Windows 11', os.arch: 'amd64', os.version: '10.0', java.version: '18'\nDriver info: org.openqa.selenium.chrome.ChromeDriver\nCommand: [1c692da9f798967401e4926840f55415, clickElement {id=488B66D56CB52298CEAE5FF6EB0C9706_element_60}]\nCapabilities {acceptInsecureCerts: false, browserName: chrome, browserVersion: 114.0.5735.110, chrome: {chromedriverVersion: 114.0.5735.90 (386bc09e8f4f..., userDataDir: C:\\Users\\Admin\\AppData\\Loca...}, goog:chromeOptions: {debuggerAddress: localhost:60345}, networkConnectionEnabled: false, pageLoadStrategy: normal, platformName: WINDOWS, proxy: Proxy(), se:cdp: ws://localhost:60345/devtoo..., se:cdpVersion: 114.0.5735.110, setWindowRect: true, strictFileInteractability: false, timeouts: {implicit: 0, pageLoad: 300000, script: 30000}, unhandledPromptBehavior: dismiss and notify, webauthn:extension:credBlob: true, webauthn:extension:largeBlob: true, webauthn:extension:minPinLength: true, webauthn:extension:prf: true, webauthn:virtualAuthenticators: true}\nElement: [[ChromeDriver: chrome on WINDOWS (1c692da9f798967401e4926840f55415)] -> xpath: //button[@id='form-next']]\nSession ID: 1c692da9f798967401e4926840f55415\r\n\tat java.base/jdk.internal.reflect.DirectConstructorHandleAccessor.newInstance(DirectConstructorHandleAccessor.java:67)\r\n\tat java.base/java.lang.reflect.Constructor.newInstanceWithCaller(Constructor.java:499)\r\n\tat java.base/java.lang.reflect.Constructor.newInstance(Constructor.java:483)\r\n\tat org.openqa.selenium.remote.codec.w3c.W3CHttpResponseCodec.createException(W3CHttpResponseCodec.java:200)\r\n\tat org.openqa.selenium.remote.codec.w3c.W3CHttpResponseCodec.decode(W3CHttpResponseCodec.java:133)\r\n\tat org.openqa.selenium.remote.codec.w3c.W3CHttpResponseCodec.decode(W3CHttpResponseCodec.java:53)\r\n\tat org.openqa.selenium.remote.HttpCommandExecutor.execute(HttpCommandExecutor.java:184)\r\n\tat org.openqa.selenium.remote.service.DriverCommandExecutor.invokeExecute(DriverCommandExecutor.java:167)\r\n\tat org.openqa.selenium.remote.service.DriverCommandExecutor.execute(DriverCommandExecutor.java:142)\r\n\tat org.openqa.selenium.remote.RemoteWebDriver.execute(RemoteWebDriver.java:543)\r\n\tat org.openqa.selenium.remote.RemoteWebElement.execute(RemoteWebElement.java:257)\r\n\tat org.openqa.selenium.remote.RemoteWebElement.click(RemoteWebElement.java:78)\r\n\tat buihanh.keywords.WebUI.clickElement(WebUI.java:1745)\r\n\tat buihanh.projects.pages.ImportclientsPage.clickOnNextButton(ImportclientsPage.java:52)\r\n\tat buihanh.projects.steps.ImportSteps.user_clicks_on_next_button(ImportSteps.java:58)\r\n\tat ✽.User clicks on Next button(file:///F:/Eclipse/buihanh-doanTN-BDD/src/test/resources/Features/ImportClients.feature:23)\r\n"},"stage":"finished","steps":[{"name":"Given  User logged in with email \"admin@demo.com\" and password \"riseDemo\"","status":"passed","statusDetails":{"known":false,"muted":false,"flaky":false},"stage":"finished","steps":[],"attachments":[],"parameters":[],"start":1686679475130,"stop":1686679480347},{"name":"Given  User navigates to Import clients page","status":"passed","statusDetails":{"known":false,"muted":false,"flaky":false},"stage":"finished","steps":[],"attachments":[],"parameters":[],"start":1686679480347,"stop":1686679483609},{"name":"When  User upload files \"C:\\Users\\Admin\\Downloads\\TestCase.xlsx\" with wrong template","status":"passed","statusDetails":{"known":false,"muted":false,"flaky":false},"stage":"finished","steps":[],"attachments":[],"parameters":[],"start":1686679483614,"stop":1686679489359},{"name":"And  User clicks on Next button","status":"broken","statusDetails":{"known":false,"muted":false,"flaky":false,"message":"element click intercepted: Element <button id=\"form-next\" type=\"button\" disabled=\"\" class=\"btn btn-info text-white\">...</button> is not clickable at point (1098, 605). Other element would receive the click: <div class=\"modal-footer\">...</div>\n  (Session info: chrome=114.0.5735.110)\nBuild info: version: '4.8.1', revision: '8ebccac989'\nSystem info: os.name: 'Windows 11', os.arch: 'amd64', os.version: '10.0', java.version: '18'\nDriver info: org.openqa.selenium.chrome.ChromeDriver\nCommand: [1c692da9f798967401e4926840f55415, clickElement {id=488B66D56CB52298CEAE5FF6EB0C9706_element_60}]\nCapabilities {acceptInsecureCerts: false, browserName: chrome, browserVersion: 114.0.5735.110, chrome: {chromedriverVersion: 114.0.5735.90 (386bc09e8f4f..., userDataDir: C:\\Users\\Admin\\AppData\\Loca...}, goog:chromeOptions: {debuggerAddress: localhost:60345}, networkConnectionEnabled: false, pageLoadStrategy: normal, platformName: WINDOWS, proxy: Proxy(), se:cdp: ws://localhost:60345/devtoo..., se:cdpVersion: 114.0.5735.110, setWindowRect: true, strictFileInteractability: false, timeouts: {implicit: 0, pageLoad: 300000, script: 30000}, unhandledPromptBehavior: dismiss and notify, webauthn:extension:credBlob: true, webauthn:extension:largeBlob: true, webauthn:extension:minPinLength: true, webauthn:extension:prf: true, webauthn:virtualAuthenticators: true}\nElement: [[ChromeDriver: chrome on WINDOWS (1c692da9f798967401e4926840f55415)] -> xpath: //button[@id='form-next']]\nSession ID: 1c692da9f798967401e4926840f55415","trace":"org.openqa.selenium.ElementClickInterceptedException: element click intercepted: Element <button id=\"form-next\" type=\"button\" disabled=\"\" class=\"btn btn-info text-white\">...</button> is not clickable at point (1098, 605). Other element would receive the click: <div class=\"modal-footer\">...</div>\n  (Session info: chrome=114.0.5735.110)\nBuild info: version: '4.8.1', revision: '8ebccac989'\nSystem info: os.name: 'Windows 11', os.arch: 'amd64', os.version: '10.0', java.version: '18'\nDriver info: org.openqa.selenium.chrome.ChromeDriver\nCommand: [1c692da9f798967401e4926840f55415, clickElement {id=488B66D56CB52298CEAE5FF6EB0C9706_element_60}]\nCapabilities {acceptInsecureCerts: false, browserName: chrome, browserVersion: 114.0.5735.110, chrome: {chromedriverVersion: 114.0.5735.90 (386bc09e8f4f..., userDataDir: C:\\Users\\Admin\\AppData\\Loca...}, goog:chromeOptions: {debuggerAddress: localhost:60345}, networkConnectionEnabled: false, pageLoadStrategy: normal, platformName: WINDOWS, proxy: Proxy(), se:cdp: ws://localhost:60345/devtoo..., se:cdpVersion: 114.0.5735.110, setWindowRect: true, strictFileInteractability: false, timeouts: {implicit: 0, pageLoad: 300000, script: 30000}, unhandledPromptBehavior: dismiss and notify, webauthn:extension:credBlob: true, webauthn:extension:largeBlob: true, webauthn:extension:minPinLength: true, webauthn:extension:prf: true, webauthn:virtualAuthenticators: true}\nElement: [[ChromeDriver: chrome on WINDOWS (1c692da9f798967401e4926840f55415)] -> xpath: //button[@id='form-next']]\nSession ID: 1c692da9f798967401e4926840f55415\r\n\tat java.base/jdk.internal.reflect.DirectConstructorHandleAccessor.newInstance(DirectConstructorHandleAccessor.java:67)\r\n\tat java.base/java.lang.reflect.Constructor.newInstanceWithCaller(Constructor.java:499)\r\n\tat java.base/java.lang.reflect.Constructor.newInstance(Constructor.java:483)\r\n\tat org.openqa.selenium.remote.codec.w3c.W3CHttpResponseCodec.createException(W3CHttpResponseCodec.java:200)\r\n\tat org.openqa.selenium.remote.codec.w3c.W3CHttpResponseCodec.decode(W3CHttpResponseCodec.java:133)\r\n\tat org.openqa.selenium.remote.codec.w3c.W3CHttpResponseCodec.decode(W3CHttpResponseCodec.java:53)\r\n\tat org.openqa.selenium.remote.HttpCommandExecutor.execute(HttpCommandExecutor.java:184)\r\n\tat org.openqa.selenium.remote.service.DriverCommandExecutor.invokeExecute(DriverCommandExecutor.java:167)\r\n\tat org.openqa.selenium.remote.service.DriverCommandExecutor.execute(DriverCommandExecutor.java:142)\r\n\tat org.openqa.selenium.remote.RemoteWebDriver.execute(RemoteWebDriver.java:543)\r\n\tat org.openqa.selenium.remote.RemoteWebElement.execute(RemoteWebElement.java:257)\r\n\tat org.openqa.selenium.remote.RemoteWebElement.click(RemoteWebElement.java:78)\r\n\tat buihanh.keywords.WebUI.clickElement(WebUI.java:1745)\r\n\tat buihanh.projects.pages.ImportclientsPage.clickOnNextButton(ImportclientsPage.java:52)\r\n\tat buihanh.projects.steps.ImportSteps.user_clicks_on_next_button(ImportSteps.java:58)\r\n\tat ✽.User clicks on Next button(file:///F:/Eclipse/buihanh-doanTN-BDD/src/test/resources/Features/ImportClients.feature:23)\r\n"},"stage":"finished","steps":[],"attachments":[],"parameters":[],"start":1686679489359,"stop":1686679490613},{"name":"Then  User receives an error message \"There has an invalid header. The indicated field should be Company name.\" is displays","status":"skipped","statusDetails":{"known":false,"muted":false,"flaky":false},"stage":"finished","steps":[],"attachments":[],"parameters":[],"start":1686679490615,"stop":1686679490616}],"attachments":[],"parameters":[{"name":"file_upload","value":"C:\\Users\\Admin\\Downloads\\TestCase.xlsx"},{"name":"message","value":"There has an invalid header. The indicated field should be Company name."}],"start":1686679465577,"stop":1686679491269}