<?xml version="1.0" encoding="UTF-8"?>
<testsuite xmlns:xsi="http://www.w3.org/2001/XMLSchema-instance" xsi:noNamespaceSchemaLocation="https://maven.apache.org/surefire/maven-surefire-plugin/xsd/surefire-test-report-3.0.xsd" version="3.0" name="buihanh.runner.TestRunnerForImport" time="46.438" tests="2" errors="2" skipped="0" failures="0">
  <properties>
[...]
</properties>
  <testcase name="User uploaded the correct file format but wrong template #1" classname="Import clients functionality" time="22.812">
    <error type="org.openqa.selenium.ElementClickInterceptedException"><![CDATA[org.openqa.selenium.ElementClickInterceptedException: 
element click intercepted: Element <button id="form-next" type="button" disabled="" class="btn btn-info text-white">...</button> is not clickable at point (1098, 605). Other element would receive the click: <div class="modal-footer">...</div>
  (Session info: chrome=114.0.5735.110)
Build info: version: '4.8.1', revision: '8ebccac989'
System info: os.name: 'Windows 11', os.arch: 'amd64', os.version: '10.0', java.version: '18'
Driver info: org.openqa.selenium.chrome.ChromeDriver
Command: [df090c8dadaa6236c09e4f9a627e2dd5, clickElement {id=3DE5DD0C422B157FF5495E1956A6EF28_element_35}]
Capabilities {acceptInsecureCerts: false, browserName: chrome, browserVersion: 114.0.5735.110, chrome: {chromedriverVersion: 114.0.5735.90 (386bc09e8f4f..., userDataDir: C:\Users\Admin\AppData\Loca...}, goog:chromeOptions: {debuggerAddress: localhost:53027}, networkConnectionEnabled: false, pageLoadStrategy: normal, platformName: WINDOWS, proxy: Proxy(), se:cdp: ws://localhost:53027/devtoo..., se:cdpVersion: 114.0.5735.110, setWindowRect: true, strictFileInteractability: false, timeouts: {implicit: 0, pageLoad: 300000, script: 30000}, unhandledPromptBehavior: dismiss and notify, webauthn:extension:credBlob: true, webauthn:extension:largeBlob: true, webauthn:extension:minPinLength: true, webauthn:extension:prf: true, webauthn:virtualAuthenticators: true}
Element: [[ChromeDriver: chrome on WINDOWS (df090c8dadaa6236c09e4f9a627e2dd5)] -> xpath: //button[@id='form-next']]
Session ID: df090c8dadaa6236c09e4f9a627e2dd5
]]></error>
    <system-out><![CDATA[================ BEFORE ALL ================

@failure
Scenario Outline: User uploaded the correct file format but wrong template                                                   # src/test/resources/Features/ImportClients.feature:29
  Given User logged in with email "admin@demo.com" and password "riseDemo"                                                   # buihanh.projects.steps.AddClientSteps.user_logged_in_page_to_client_page(java.lang.String,java.lang.String)
  Given User navigates to Import clients page                                                                                # buihanh.projects.steps.ImportSteps.user_navigates_to_import_clients_page()
  When User upload files "C:\Users\Admin\Downloads\Login.xlsx" with wrong template                                           # buihanh.projects.steps.ImportSteps.user_upload_files_with_wrong_template(java.lang.String)
  And User clicks on Next button                                                                                             # buihanh.projects.steps.ImportSteps.user_clicks_on_next_button()
      org.openqa.selenium.ElementClickInterceptedException: element click intercepted: Element <button id="form-next" type="button" disabled="" class="btn btn-info text-white">...</button> is not clickable at point (1098, 605). Other element would receive the click: <div class="modal-footer">...</div>
  (Session info: chrome=114.0.5735.110)
Build info: version: '4.8.1', revision: '8ebccac989'
System info: os.name: 'Windows 11', os.arch: 'amd64', os.version: '10.0', java.version: '18'
Driver info: org.openqa.selenium.chrome.ChromeDriver
Command: [df090c8dadaa6236c09e4f9a627e2dd5, clickElement {id=3DE5DD0C422B157FF5495E1956A6EF28_element_35}]
Capabilities {acceptInsecureCerts: false, browserName: chrome, browserVersion: 114.0.5735.110, chrome: {chromedriverVersion: 114.0.5735.90 (386bc09e8f4f..., userDataDir: C:\Users\Admin\AppData\Loca...}, goog:chromeOptions: {debuggerAddress: localhost:53027}, networkConnectionEnabled: false, pageLoadStrategy: normal, platformName: WINDOWS, proxy: Proxy(), se:cdp: ws://localhost:53027/devtoo..., se:cdpVersion: 114.0.5735.110, setWindowRect: true, strictFileInteractability: false, timeouts: {implicit: 0, pageLoad: 300000, script: 30000}, unhandledPromptBehavior: dismiss and notify, webauthn:extension:credBlob: true, webauthn:extension:largeBlob: true, webauthn:extension:minPinLength: true, webauthn:extension:prf: true, webauthn:virtualAuthenticators: true}
Element: [[ChromeDriver: chrome on WINDOWS (df090c8dadaa6236c09e4f9a627e2dd5)] -> xpath: //button[@id='form-next']]
Session ID: df090c8dadaa6236c09e4f9a627e2dd5
	at java.base/jdk.internal.reflect.DirectConstructorHandleAccessor.newInstance(DirectConstructorHandleAccessor.java:67)
	at java.base/java.lang.reflect.Constructor.newInstanceWithCaller(Constructor.java:499)
	at java.base/java.lang.reflect.Constructor.newInstance(Constructor.java:483)
	at org.openqa.selenium.remote.codec.w3c.W3CHttpResponseCodec.createException(W3CHttpResponseCodec.java:200)
	at org.openqa.selenium.remote.codec.w3c.W3CHttpResponseCodec.decode(W3CHttpResponseCodec.java:133)
	at org.openqa.selenium.remote.codec.w3c.W3CHttpResponseCodec.decode(W3CHttpResponseCodec.java:53)
	at org.openqa.selenium.remote.HttpCommandExecutor.execute(HttpCommandExecutor.java:184)
	at org.openqa.selenium.remote.service.DriverCommandExecutor.invokeExecute(DriverCommandExecutor.java:167)
	at org.openqa.selenium.remote.service.DriverCommandExecutor.execute(DriverCommandExecutor.java:142)
	at org.openqa.selenium.remote.RemoteWebDriver.execute(RemoteWebDriver.java:543)
	at org.openqa.selenium.remote.RemoteWebElement.execute(RemoteWebElement.java:257)
	at org.openqa.selenium.remote.RemoteWebElement.click(RemoteWebElement.java:78)
	at buihanh.keywords.WebUI.clickElement(WebUI.java:1745)
	at buihanh.projects.pages.ImportclientsPage.clickOnNextButton(ImportclientsPage.java:52)
	at buihanh.projects.steps.ImportSteps.user_clicks_on_next_button(ImportSteps.java:58)
	at ✽.User clicks on Next button(file:///F:/Eclipse/buihanh-doanTN-BDD/src/test/resources/Features/ImportClients.feature:24)

  Then User receives an error message "There has an invalid header. The indicated field should be Company name." is displays # buihanh.projects.steps.ImportSteps.user_receives_an_error_message_is_displays(java.lang.String)

    Embedding Screenshot Failed [image/png 122031 bytes]

]]></system-out>
    <system-err><![CDATA[Starting ChromeDriver 114.0.5735.90 (386bc09e8f4f2e025eddae123f36f6263096ae49-refs/branch-heads/5735@{#1052}) on port 29951
Only local connections are allowed.
Please see https://chromedriver.chromium.org/security-considerations for suggestions on keeping ChromeDriver safe.
ChromeDriver was started successfully.
Jun 13, 2023 12:13:50 AM org.openqa.selenium.devtools.CdpVersionFinder findNearestMatch
WARNING: Unable to find an exact match for CDP version 114, so returning the closest version found: 110
]]></system-err>
  </testcase>
  <testcase name="User uploaded the correct file format but wrong template #2" classname="Import clients functionality" time="20.397">
    <error type="org.openqa.selenium.ElementClickInterceptedException"><![CDATA[org.openqa.selenium.ElementClickInterceptedException: 
element click intercepted: Element <button id="form-next" type="button" disabled="true" class="btn btn-info text-white">...</button> is not clickable at point (1098, 605). Other element would receive the click: <div class="modal-footer">...</div>
  (Session info: chrome=114.0.5735.110)
Build info: version: '4.8.1', revision: '8ebccac989'
System info: os.name: 'Windows 11', os.arch: 'amd64', os.version: '10.0', java.version: '18'
Driver info: org.openqa.selenium.chrome.ChromeDriver
Command: [6861f861736c2ff43e4234733cab45b6, clickElement {id=5EF5290295FC2553F0A7BEA55B8F031B_element_34}]
Capabilities {acceptInsecureCerts: false, browserName: chrome, browserVersion: 114.0.5735.110, chrome: {chromedriverVersion: 114.0.5735.90 (386bc09e8f4f..., userDataDir: C:\Users\Admin\AppData\Loca...}, goog:chromeOptions: {debuggerAddress: localhost:53083}, networkConnectionEnabled: false, pageLoadStrategy: normal, platformName: WINDOWS, proxy: Proxy(), se:cdp: ws://localhost:53083/devtoo..., se:cdpVersion: 114.0.5735.110, setWindowRect: true, strictFileInteractability: false, timeouts: {implicit: 0, pageLoad: 300000, script: 30000}, unhandledPromptBehavior: dismiss and notify, webauthn:extension:credBlob: true, webauthn:extension:largeBlob: true, webauthn:extension:minPinLength: true, webauthn:extension:prf: true, webauthn:virtualAuthenticators: true}
Element: [[ChromeDriver: chrome on WINDOWS (6861f861736c2ff43e4234733cab45b6)] -> xpath: //button[@id='form-next']]
Session ID: 6861f861736c2ff43e4234733cab45b6
]]></error>
    <system-out><![CDATA[
@failure
Scenario Outline: User uploaded the correct file format but wrong template                                                   # src/test/resources/Features/ImportClients.feature:30
  Given User logged in with email "admin@demo.com" and password "riseDemo"                                                   # buihanh.projects.steps.AddClientSteps.user_logged_in_page_to_client_page(java.lang.String,java.lang.String)
  Given User navigates to Import clients page                                                                                # buihanh.projects.steps.ImportSteps.user_navigates_to_import_clients_page()
  When User upload files "‪C:\Users\Admin\Downloads\Book1.xlsx" with wrong template                                          # buihanh.projects.steps.ImportSteps.user_upload_files_with_wrong_template(java.lang.String)
  And User clicks on Next button                                                                                             # buihanh.projects.steps.ImportSteps.user_clicks_on_next_button()
      org.openqa.selenium.ElementClickInterceptedException: element click intercepted: Element <button id="form-next" type="button" disabled="true" class="btn btn-info text-white">...</button> is not clickable at point (1098, 605). Other element would receive the click: <div class="modal-footer">...</div>
  (Session info: chrome=114.0.5735.110)
Build info: version: '4.8.1', revision: '8ebccac989'
System info: os.name: 'Windows 11', os.arch: 'amd64', os.version: '10.0', java.version: '18'
Driver info: org.openqa.selenium.chrome.ChromeDriver
Command: [6861f861736c2ff43e4234733cab45b6, clickElement {id=5EF5290295FC2553F0A7BEA55B8F031B_element_34}]
Capabilities {acceptInsecureCerts: false, browserName: chrome, browserVersion: 114.0.5735.110, chrome: {chromedriverVersion: 114.0.5735.90 (386bc09e8f4f..., userDataDir: C:\Users\Admin\AppData\Loca...}, goog:chromeOptions: {debuggerAddress: localhost:53083}, networkConnectionEnabled: false, pageLoadStrategy: normal, platformName: WINDOWS, proxy: Proxy(), se:cdp: ws://localhost:53083/devtoo..., se:cdpVersion: 114.0.5735.110, setWindowRect: true, strictFileInteractability: false, timeouts: {implicit: 0, pageLoad: 300000, script: 30000}, unhandledPromptBehavior: dismiss and notify, webauthn:extension:credBlob: true, webauthn:extension:largeBlob: true, webauthn:extension:minPinLength: true, webauthn:extension:prf: true, webauthn:virtualAuthenticators: true}
Element: [[ChromeDriver: chrome on WINDOWS (6861f861736c2ff43e4234733cab45b6)] -> xpath: //button[@id='form-next']]
Session ID: 6861f861736c2ff43e4234733cab45b6
	at java.base/jdk.internal.reflect.DirectConstructorHandleAccessor.newInstance(DirectConstructorHandleAccessor.java:67)
	at java.base/java.lang.reflect.Constructor.newInstanceWithCaller(Constructor.java:499)
	at java.base/java.lang.reflect.Constructor.newInstance(Constructor.java:483)
	at org.openqa.selenium.remote.codec.w3c.W3CHttpResponseCodec.createException(W3CHttpResponseCodec.java:200)
	at org.openqa.selenium.remote.codec.w3c.W3CHttpResponseCodec.decode(W3CHttpResponseCodec.java:133)
	at org.openqa.selenium.remote.codec.w3c.W3CHttpResponseCodec.decode(W3CHttpResponseCodec.java:53)
	at org.openqa.selenium.remote.HttpCommandExecutor.execute(HttpCommandExecutor.java:184)
	at org.openqa.selenium.remote.service.DriverCommandExecutor.invokeExecute(DriverCommandExecutor.java:167)
	at org.openqa.selenium.remote.service.DriverCommandExecutor.execute(DriverCommandExecutor.java:142)
	at org.openqa.selenium.remote.RemoteWebDriver.execute(RemoteWebDriver.java:543)
	at org.openqa.selenium.remote.RemoteWebElement.execute(RemoteWebElement.java:257)
	at org.openqa.selenium.remote.RemoteWebElement.click(RemoteWebElement.java:78)
	at buihanh.keywords.WebUI.clickElement(WebUI.java:1745)
	at buihanh.projects.pages.ImportclientsPage.clickOnNextButton(ImportclientsPage.java:52)
	at buihanh.projects.steps.ImportSteps.user_clicks_on_next_button(ImportSteps.java:58)
	at ✽.User clicks on Next button(file:///F:/Eclipse/buihanh-doanTN-BDD/src/test/resources/Features/ImportClients.feature:24)

  Then User receives an error message "There has an invalid header. The indicated field should be Company name." is displays # buihanh.projects.steps.ImportSteps.user_receives_an_error_message_is_displays(java.lang.String)

    Embedding Screenshot Failed [image/png 111462 bytes]

]]></system-out>
    <system-err><![CDATA[Starting ChromeDriver 114.0.5735.90 (386bc09e8f4f2e025eddae123f36f6263096ae49-refs/branch-heads/5735@{#1052}) on port 27306
Only local connections are allowed.
Please see https://chromedriver.chromium.org/security-considerations for suggestions on keeping ChromeDriver safe.
ChromeDriver was started successfully.
Jun 13, 2023 12:14:13 AM org.openqa.selenium.devtools.CdpVersionFinder findNearestMatch
WARNING: Unable to find an exact match for CDP version 114, so returning the closest version found: 110
]]></system-err>
  </testcase>
</testsuite>