<?xml version="1.0" encoding="UTF-8"?>
<testng-results ignored="0" total="0" passed="0" failed="0" skipped="0">
  <reporter-output>
  </reporter-output>
  <suite started-at="2023-05-06T23:43:05 ICT" name="Suite Cucumber" finished-at="2023-05-06T23:43:05 ICT" duration-ms="21">
    <groups>
    </groups>
    <test started-at="2023-05-06T23:43:05 ICT" name="Test Cucumber Sign in" finished-at="2023-05-06T23:43:05 ICT" duration-ms="21">
    </test> <!-- Test Cucumber Sign in -->
  </suite> <!-- Suite Cucumber -->
</testng-results>
